Migrating styles
2023-07-20T22:59:37.323Z
Still working... 2140 records processed, current rate 428 records per second
2023-07-20T23:00:37.324Z
Still working... 31991 records processed, current rate 498 records per second
2023-07-20T23:01:37.324Z
Still working... 62582 records processed, current rate 510 records per second
2023-07-20T23:02:37.324Z
Still working... 95206 records processed, current rate 544 records per second
2023-07-20T23:03:37.325Z
Still working... 128118 records processed, current rate 549 records per second
2023-07-20T23:04:37.325Z
Still working... 160178 records processed, current rate 534 records per second
2023-07-20T23:05:37.325Z
Still working... 192722 records processed, current rate 542 records per second
2023-07-20T23:06:37.325Z
Still working... 225174 records processed, current rate 541 records per second
2023-07-20T23:07:37.325Z
Still working... 257738 records processed, current rate 543 records per second
2023-07-20T23:08:37.326Z
Still working... 290608 records processed, current rate 548 records per second
2023-07-20T23:09:37.326Z
Still working... 323420 records processed, current rate 547 records per second
2023-07-20T23:10:37.326Z
Still working... 356198 records processed, current rate 546 records per second
2023-07-20T23:11:37.326Z
Still working... 388883 records processed, current rate 545 records per second
2023-07-20T23:12:37.327Z
Still working... 420194 records processed, current rate 522 records per second
2023-07-20T23:13:37.326Z
Still working... 445295 records processed, current rate 418 records per second
2023-07-20T23:14:37.325Z
Still working... 471820 records processed, current rate 442 records per second
2023-07-20T23:15:37.323Z
Still working... 498320 records processed, current rate 442 records per second
2023-07-20T23:16:37.324Z
Still working... 525427 records processed, current rate 452 records per second
2023-07-20T23:17:37.324Z
Still working... 554901 records processed, current rate 491 records per second
2023-07-20T23:18:37.324Z
Still working... 587598 records processed, current rate 545 records per second
2023-07-20T23:19:37.325Z
Still working... 620511 records processed, current rate 549 records per second
2023-07-20T23:20:37.324Z
Still working... 652393 records processed, current rate 531 records per second
2023-07-20T23:21:37.325Z
Still working... 683540 records processed, current rate 519 records per second
2023-07-20T23:22:37.326Z
Still working... 716310 records processed, current rate 546 records per second
2023-07-20T23:23:37.327Z
Still working... 749502 records processed, current rate 553 records per second
2023-07-20T23:24:37.327Z
Still working... 782533 records processed, current rate 551 records per second
2023-07-20T23:25:37.327Z
Still working... 815259 records processed, current rate 545 records per second
2023-07-20T23:26:37.328Z
Still working... 847481 records processed, current rate 537 records per second
2023-07-20T23:27:37.328Z
Still working... 880269 records processed, current rate 546 records per second
2023-07-20T23:28:37.328Z
Still working... 913292 records processed, current rate 550 records per second
2023-07-20T23:29:37.327Z
Still working... 946532 records processed, current rate 554 records per second
2023-07-20T23:30:37.328Z
Still working... 979327 records processed, current rate 547 records per second
2023-07-20T23:31:37.327Z
Still working... 1010872 records processed, current rate 526 records per second
2023-07-20T23:32:37.327Z
Still working... 1042249 records processed, current rate 523 records per second
2023-07-20T23:33:37.327Z
Still working... 1073199 records processed, current rate 516 records per second
2023-07-20T23:34:37.325Z
Still working... 1105934 records processed, current rate 546 records per second
2023-07-20T23:35:37.324Z
Still working... 1138782 records processed, current rate 547 records per second
2023-07-20T23:36:37.327Z
Still working... 1171859 records processed, current rate 551 records per second
2023-07-20T23:37:37.328Z
Still working... 1206642 records processed, current rate 580 records per second
2023-07-20T23:38:37.327Z
Still working... 1241474 records processed, current rate 581 records per second
2023-07-20T23:39:37.326Z
Still working... 1276049 records processed, current rate 576 records per second
2023-07-20T23:40:37.324Z
Still working... 1307976 records processed, current rate 532 records per second
2023-07-20T23:41:37.324Z
Still working... 1339813 records processed, current rate 531 records per second
2023-07-20T23:42:37.323Z
Still working... 1371623 records processed, current rate 530 records per second
2023-07-20T23:43:37.322Z
Still working... 1403320 records processed, current rate 528 records per second
2023-07-20T23:44:37.322Z
Still working... 1433438 records processed, current rate 502 records per second
2023-07-20T23:45:37.321Z
Still working... 1464128 records processed, current rate 512 records per second
2023-07-20T23:46:37.321Z
Still working... 1496743 records processed, current rate 544 records per second
2023-07-20T23:47:37.322Z
Still working... 1529308 records processed, current rate 543 records per second
2023-07-20T23:48:37.322Z
Still working... 1561397 records processed, current rate 535 records per second
2023-07-20T23:49:37.323Z
Still working... 1595413 records processed, current rate 567 records per second
2023-07-20T23:50:37.323Z
Still working... 1629719 records processed, current rate 572 records per second
2023-07-20T23:51:37.323Z
Still working... 1664031 records processed, current rate 572 records per second
2023-07-20T23:52:37.323Z
Still working... 1696554 records processed, current rate 542 records per second
2023-07-20T23:53:37.323Z
Still working... 1727012 records processed, current rate 508 records per second
2023-07-20T23:54:37.323Z
Still working... 1755886 records processed, current rate 481 records per second
2023-07-20T23:55:37.322Z
Still working... 1786708 records processed, current rate 514 records per second
2023-07-20T23:56:37.322Z
Still working... 1817413 records processed, current rate 512 records per second
2023-07-20T23:57:37.321Z
Still working... 1849020 records processed, current rate 527 records per second
2023-07-20T23:58:37.321Z
Still working... 1880284 records processed, current rate 521 records per second
2023-07-20T23:59:37.321Z
Still working... 1913065 records processed, current rate 546 records per second
2023-07-21T00:00:37.320Z
Still working... 1944185 records processed, current rate 519 records per second
Finished migrating all files in 62 minutes
1958102 records were added
0 records were skipped
