Migrating product
2023-07-20T21:54:52.450Z
Still working... 2515 records processed, current rate 502 records per second
2023-07-20T21:55:52.452Z
Still working... 47115 records processed, current rate 743 records per second
2023-07-20T21:56:52.461Z
Still working... 93492 records processed, current rate 773 records per second
2023-07-20T21:57:52.464Z
Still working... 139382 records processed, current rate 765 records per second
2023-07-20T21:58:52.467Z
Still working... 182498 records processed, current rate 719 records per second
2023-07-20T21:59:52.468Z
Still working... 221824 records processed, current rate 655 records per second
2023-07-20T22:00:52.469Z
Still working... 265946 records processed, current rate 735 records per second
2023-07-20T22:01:52.472Z
Still working... 312130 records processed, current rate 770 records per second
2023-07-20T22:02:52.475Z
Still working... 358946 records processed, current rate 780 records per second
2023-07-20T22:03:52.477Z
Still working... 405356 records processed, current rate 774 records per second
2023-07-20T22:04:52.480Z
Still working... 451384 records processed, current rate 767 records per second
2023-07-20T22:05:52.483Z
Still working... 495790 records processed, current rate 740 records per second
2023-07-20T22:06:52.483Z
Still working... 540027 records processed, current rate 737 records per second
2023-07-20T22:07:52.485Z
Still working... 583896 records processed, current rate 731 records per second
2023-07-20T22:08:52.486Z
Still working... 629683 records processed, current rate 763 records per second
2023-07-20T22:09:52.487Z
Still working... 673074 records processed, current rate 723 records per second
2023-07-20T22:10:52.489Z
Still working... 719580 records processed, current rate 775 records per second
2023-07-20T22:11:52.489Z
Still working... 766097 records processed, current rate 775 records per second
2023-07-20T22:12:52.489Z
Still working... 812957 records processed, current rate 781 records per second
2023-07-20T22:13:52.490Z
Still working... 858791 records processed, current rate 764 records per second
2023-07-20T22:14:52.489Z
Still working... 905386 records processed, current rate 777 records per second
2023-07-20T22:15:52.490Z
Still working... 951001 records processed, current rate 760 records per second
2023-07-20T22:16:52.490Z
Still working... 992871 records processed, current rate 698 records per second
Finished migrating all files in 22 minutes
1000011 records were added
0 records were skipped
