Migrating related
2023-07-20T21:54:52.447Z
Still working... 2616 records processed, current rate 523 records per second
2023-07-20T21:55:52.449Z
Still working... 48343 records processed, current rate 762 records per second
2023-07-20T21:56:52.457Z
Still working... 95392 records processed, current rate 784 records per second
2023-07-20T21:57:52.459Z
Still working... 142028 records processed, current rate 777 records per second
2023-07-20T21:58:52.458Z
Still working... 185804 records processed, current rate 730 records per second
2023-07-20T21:59:52.457Z
Still working... 226212 records processed, current rate 673 records per second
2023-07-20T22:00:52.457Z
Still working... 270941 records processed, current rate 745 records per second
2023-07-20T22:01:52.457Z
Still working... 317843 records processed, current rate 782 records per second
2023-07-20T22:02:52.458Z
Still working... 365440 records processed, current rate 793 records per second
2023-07-20T22:03:52.458Z
Still working... 412610 records processed, current rate 786 records per second
2023-07-20T22:04:52.458Z
Still working... 459362 records processed, current rate 779 records per second
2023-07-20T22:05:52.458Z
Still working... 504419 records processed, current rate 751 records per second
2023-07-20T22:06:52.458Z
Still working... 549294 records processed, current rate 748 records per second
2023-07-20T22:07:52.458Z
Still working... 593784 records processed, current rate 742 records per second
2023-07-20T22:08:52.459Z
Still working... 640307 records processed, current rate 775 records per second
2023-07-20T22:09:52.459Z
Still working... 684361 records processed, current rate 734 records per second
2023-07-20T22:10:52.460Z
Still working... 731628 records processed, current rate 788 records per second
2023-07-20T22:11:52.460Z
Still working... 778908 records processed, current rate 788 records per second
2023-07-20T22:12:52.460Z
Still working... 826560 records processed, current rate 794 records per second
2023-07-20T22:13:52.460Z
Still working... 873137 records processed, current rate 776 records per second
2023-07-20T22:14:52.460Z
Still working... 920477 records processed, current rate 789 records per second
2023-07-20T22:15:52.460Z
Still working... 966782 records processed, current rate 772 records per second
2023-07-20T22:16:52.460Z
Still working... 1009172 records processed, current rate 707 records per second
2023-07-20T22:17:52.460Z
Still working... 1056332 records processed, current rate 786 records per second
2023-07-20T22:18:52.461Z
Still working... 1105911 records processed, current rate 826 records per second
2023-07-20T22:19:52.462Z
Still working... 1155174 records processed, current rate 821 records per second
2023-07-20T22:20:52.462Z
Still working... 1203944 records processed, current rate 813 records per second
2023-07-20T22:21:52.462Z
Still working... 1253117 records processed, current rate 820 records per second
2023-07-20T22:22:52.462Z
Still working... 1300189 records processed, current rate 785 records per second
2023-07-20T22:23:52.462Z
Still working... 1347604 records processed, current rate 790 records per second
2023-07-20T22:24:52.462Z
Still working... 1395108 records processed, current rate 792 records per second
2023-07-20T22:25:52.462Z
Still working... 1443211 records processed, current rate 802 records per second
2023-07-20T22:26:52.463Z
Still working... 1490075 records processed, current rate 781 records per second
2023-07-20T22:27:52.462Z
Still working... 1533829 records processed, current rate 729 records per second
2023-07-20T22:28:52.462Z
Still working... 1578105 records processed, current rate 738 records per second
2023-07-20T22:29:52.462Z
Still working... 1616098 records processed, current rate 633 records per second
2023-07-20T22:30:52.462Z
Still working... 1654991 records processed, current rate 648 records per second
2023-07-20T22:31:52.463Z
Still working... 1692485 records processed, current rate 625 records per second
2023-07-20T22:32:52.463Z
Still working... 1732224 records processed, current rate 662 records per second
2023-07-20T22:33:52.464Z
Still working... 1773042 records processed, current rate 680 records per second
2023-07-20T22:34:52.465Z
Still working... 1814502 records processed, current rate 691 records per second
2023-07-20T22:35:52.466Z
Still working... 1853648 records processed, current rate 652 records per second
2023-07-20T22:36:52.467Z
Still working... 1893292 records processed, current rate 661 records per second
2023-07-20T22:37:52.468Z
Still working... 1933800 records processed, current rate 675 records per second
2023-07-20T22:38:52.468Z
Still working... 1974193 records processed, current rate 673 records per second
2023-07-20T22:39:52.468Z
Still working... 2013725 records processed, current rate 659 records per second
2023-07-20T22:40:52.468Z
Still working... 2053804 records processed, current rate 668 records per second
2023-07-20T22:41:52.467Z
Still working... 2094325 records processed, current rate 675 records per second
2023-07-20T22:42:52.467Z
Still working... 2134410 records processed, current rate 668 records per second
2023-07-20T22:43:52.466Z
Still working... 2176826 records processed, current rate 707 records per second
2023-07-20T22:44:52.467Z
Still working... 2219401 records processed, current rate 710 records per second
2023-07-20T22:45:52.467Z
Still working... 2261342 records processed, current rate 699 records per second
2023-07-20T22:46:52.466Z
Still working... 2304061 records processed, current rate 712 records per second
2023-07-20T22:47:52.464Z
Still working... 2346215 records processed, current rate 703 records per second
2023-07-20T22:48:52.465Z
Still working... 2389155 records processed, current rate 716 records per second
2023-07-20T22:49:52.465Z
Still working... 2431465 records processed, current rate 705 records per second
2023-07-20T22:50:52.464Z
Still working... 2474085 records processed, current rate 710 records per second
2023-07-20T22:51:52.463Z
Still working... 2517187 records processed, current rate 718 records per second
2023-07-20T22:52:52.463Z
Still working... 2558676 records processed, current rate 691 records per second
2023-07-20T22:53:52.463Z
Still working... 2600779 records processed, current rate 702 records per second
2023-07-20T22:54:52.463Z
Still working... 2643073 records processed, current rate 705 records per second
2023-07-20T22:55:52.463Z
Still working... 2684710 records processed, current rate 694 records per second
2023-07-20T22:56:52.463Z
Still working... 2723330 records processed, current rate 644 records per second
2023-07-20T22:57:52.463Z
Still working... 2762841 records processed, current rate 659 records per second
2023-07-20T22:58:52.463Z
Still working... 2804609 records processed, current rate 696 records per second
2023-07-20T22:59:52.463Z
Still working... 2849073 records processed, current rate 741 records per second
2023-07-20T23:00:52.462Z
Still working... 2892417 records processed, current rate 722 records per second
2023-07-20T23:01:52.462Z
Still working... 2936679 records processed, current rate 738 records per second
2023-07-20T23:02:52.462Z
Still working... 2983702 records processed, current rate 784 records per second
2023-07-20T23:03:52.461Z
Still working... 3030536 records processed, current rate 781 records per second
2023-07-20T23:04:52.461Z
Still working... 3076564 records processed, current rate 767 records per second
2023-07-20T23:05:52.460Z
Still working... 3122984 records processed, current rate 774 records per second
2023-07-20T23:06:52.458Z
Still working... 3169654 records processed, current rate 778 records per second
2023-07-20T23:07:52.458Z
Still working... 3216556 records processed, current rate 782 records per second
2023-07-20T23:08:52.458Z
Still working... 3263642 records processed, current rate 785 records per second
2023-07-20T23:09:52.457Z
Still working... 3310546 records processed, current rate 782 records per second
2023-07-20T23:10:52.457Z
Still working... 3357532 records processed, current rate 783 records per second
2023-07-20T23:11:52.456Z
Still working... 3404207 records processed, current rate 778 records per second
2023-07-20T23:12:52.456Z
Still working... 3446343 records processed, current rate 702 records per second
2023-07-20T23:13:52.455Z
Still working... 3482265 records processed, current rate 599 records per second
2023-07-20T23:14:52.454Z
Still working... 3521042 records processed, current rate 646 records per second
2023-07-20T23:15:52.453Z
Still working... 3558537 records processed, current rate 625 records per second
2023-07-20T23:16:52.453Z
Still working... 3597316 records processed, current rate 646 records per second
2023-07-20T23:17:52.454Z
Still working... 3640912 records processed, current rate 727 records per second
2023-07-20T23:18:52.454Z
Still working... 3687932 records processed, current rate 784 records per second
2023-07-20T23:19:52.454Z
Still working... 3734892 records processed, current rate 783 records per second
2023-07-20T23:20:52.454Z
Still working... 3780117 records processed, current rate 754 records per second
2023-07-20T23:21:52.454Z
Still working... 3825061 records processed, current rate 749 records per second
2023-07-20T23:22:52.456Z
Still working... 3872052 records processed, current rate 783 records per second
2023-07-20T23:23:52.456Z
Still working... 3919315 records processed, current rate 788 records per second
2023-07-20T23:24:52.456Z
Still working... 3966740 records processed, current rate 790 records per second
2023-07-20T23:25:52.456Z
Still working... 4012857 records processed, current rate 769 records per second
2023-07-20T23:26:52.456Z
Still working... 4059232 records processed, current rate 773 records per second
2023-07-20T23:27:52.456Z
Still working... 4106430 records processed, current rate 787 records per second
2023-07-20T23:28:52.456Z
Still working... 4153787 records processed, current rate 789 records per second
2023-07-20T23:29:52.455Z
Still working... 4201245 records processed, current rate 791 records per second
2023-07-20T23:30:52.454Z
Still working... 4248450 records processed, current rate 787 records per second
2023-07-20T23:31:52.454Z
Still working... 4293417 records processed, current rate 749 records per second
2023-07-20T23:32:52.453Z
Still working... 4336557 records processed, current rate 719 records per second
2023-07-20T23:33:52.452Z
Still working... 4382076 records processed, current rate 759 records per second
2023-07-20T23:34:52.450Z
Still working... 4429045 records processed, current rate 783 records per second
2023-07-20T23:35:52.450Z
Still working... 4475910 records processed, current rate 781 records per second
Finished migrating all files in 102 minutes
4508263 records were added
0 records were skipped
